This file contains any messages produced by compilers while
running configure, to aid debugging if configure makes a mistake.

It was created by less configure 1, which was
generated by GNU Autoconf 2.69.  Invocation command line was

  $ ./configure --no-create --no-recursion

## --------- ##
## Platform. ##
## --------- ##

hostname = ubudell
uname -m = x86_64
uname -r = 4.15.0-47-generic
uname -s = Linux
uname -v = #50-Ubuntu SMP Wed Mar 13 10:44:52 UTC 2019

/usr/bin/uname -p = unknown
/bin/uname -X     = unknown

/bin/arch              = unknown
/usr/bin/arch -k       = unknown
/usr/convex/getsysinfo = unknown
/usr/bin/hostinfo      = unknown
/bin/machine           = unknown
/usr/bin/oslevel       = unknown
/bin/universe          = unknown

PATH: /home/dave/.config/scripts
PATH: /home/dave/.anaconda3/bin
PATH: /home/dave/.local/bin
PATH: /usr/local/sbin
PATH: /usr/local/bin
PATH: /usr/sbin
PATH: /usr/bin
PATH: /sbin
PATH: /bin
PATH: /usr/games
PATH: /usr/local/games
PATH: /snap/bin
PATH: .
PATH: /home/dave/go/bin
PATH: /home/dave/opt/netbeans-8.2/bin
PATH: /opt/jdk1.8.0_202/bin
PATH: /opt/jdk-11.0.2/bin


## ----------- ##
## Core tests. ##
## ----------- ##

configure:2221: checking for gcc
configure:2237: found /usr/bin/gcc
configure:2248: result: gcc
configure:2477: checking for C compiler version
configure:2486: gcc --version >&5
gcc (Ubuntu 7.3.0-27ubuntu1~18.04) 7.3.0
Copyright (C) 2017 Free Software Foundation, Inc.
This is free software; see the source for copying conditions.  There is NO
warranty; not even for MERCHANTABILITY or FITNESS FOR A PARTICULAR PURPOSE.

configure:2497: $? = 0
configure:2486: gcc -v >&5
Using built-in specs.
COLLECT_GCC=gcc
COLLECT_LTO_WRAPPER=/usr/lib/gcc/x86_64-linux-gnu/7/lto-wrapper
OFFLOAD_TARGET_NAMES=nvptx-none
OFFLOAD_TARGET_DEFAULT=1
Target: x86_64-linux-gnu
Configured with: ../src/configure -v --with-pkgversion='Ubuntu 7.3.0-27ubuntu1~18.04' --with-bugurl=file:///usr/share/doc/gcc-7/README.Bugs --enable-languages=c,ada,c++,go,brig,d,fortran,objc,obj-c++ --prefix=/usr --with-gcc-major-version-only --program-suffix=-7 --program-prefix=x86_64-linux-gnu- --enable-shared --enable-linker-build-id --libexecdir=/usr/lib --without-included-gettext --enable-threads=posix --libdir=/usr/lib --enable-nls --with-sysroot=/ --enable-clocale=gnu --enable-libstdcxx-debug --enable-libstdcxx-time=yes --with-default-libstdcxx-abi=new --enable-gnu-unique-object --disable-vtable-verify --enable-libmpx --enable-plugin --enable-default-pie --with-system-zlib --with-target-system-zlib --enable-objc-gc=auto --enable-multiarch --disable-werror --with-arch-32=i686 --with-abi=m64 --with-multilib-list=m32,m64,mx32 --enable-multilib --with-tune=generic --enable-offload-targets=nvptx-none --without-cuda-driver --enable-checking=release --build=x86_64-linux-gnu --host=x86_64-linux-gnu --target=x86_64-linux-gnu
Thread model: posix
gcc version 7.3.0 (Ubuntu 7.3.0-27ubuntu1~18.04) 
configure:2497: $? = 0
configure:2486: gcc -V >&5
gcc: error: unrecognized command line option '-V'
gcc: fatal error: no input files
compilation terminated.
configure:2497: $? = 1
configure:2486: gcc -qversion >&5
gcc: error: unrecognized command line option '-qversion'; did you mean '--version'?
gcc: fatal error: no input files
compilation terminated.
configure:2497: $? = 1
configure:2517: checking whether the C compiler works
configure:2539: gcc    conftest.c  >&5
configure:2543: $? = 0
configure:2591: result: yes
configure:2594: checking for C compiler default output file name
configure:2596: result: a.out
configure:2602: checking for suffix of executables
configure:2609: gcc -o conftest    conftest.c  >&5
configure:2613: $? = 0
configure:2635: result: 
configure:2657: checking whether we are cross compiling
configure:2665: gcc -o conftest    conftest.c  >&5
configure:2669: $? = 0
configure:2676: ./conftest
configure:2680: $? = 0
configure:2695: result: no
configure:2700: checking for suffix of object files
configure:2722: gcc -c   conftest.c >&5
configure:2726: $? = 0
configure:2747: result: o
configure:2751: checking whether we are using the GNU C compiler
configure:2770: gcc -c   conftest.c >&5
configure:2770: $? = 0
configure:2779: result: yes
configure:2788: checking whether gcc accepts -g
configure:2808: gcc -c -g  conftest.c >&5
configure:2808: $? = 0
configure:2849: result: yes
configure:2866: checking for gcc option to accept ISO C89
configure:2929: gcc  -c -g -O2  conftest.c >&5
configure:2929: $? = 0
configure:2942: result: none needed
configure:2963: checking for library containing strerror
configure:2994: gcc -o conftest -g -O2   conftest.c  >&5
configure:2994: $? = 0
configure:3011: result: none required
configure:3024: checking how to run the C preprocessor
configure:3055: gcc -E  conftest.c
configure:3055: $? = 0
configure:3069: gcc -E  conftest.c
conftest.c:9:10: fatal error: ac_nonexistent.h: No such file or directory
 #include <ac_nonexistent.h>
          ^~~~~~~~~~~~~~~~~~
compilation terminated.
configure:3069: $? = 1
configure: failed program was:
| /* confdefs.h */
| #define PACKAGE_NAME "less"
| #define PACKAGE_TARNAME "less"
| #define PACKAGE_VERSION "1"
| #define PACKAGE_STRING "less 1"
| #define PACKAGE_BUGREPORT ""
| #define PACKAGE_URL ""
| /* end confdefs.h.  */
| #include <ac_nonexistent.h>
configure:3094: result: gcc -E
configure:3114: gcc -E  conftest.c
configure:3114: $? = 0
configure:3128: gcc -E  conftest.c
conftest.c:9:10: fatal error: ac_nonexistent.h: No such file or directory
 #include <ac_nonexistent.h>
          ^~~~~~~~~~~~~~~~~~
compilation terminated.
configure:3128: $? = 1
configure: failed program was:
| /* confdefs.h */
| #define PACKAGE_NAME "less"
| #define PACKAGE_TARNAME "less"
| #define PACKAGE_VERSION "1"
| #define PACKAGE_STRING "less 1"
| #define PACKAGE_BUGREPORT ""
| #define PACKAGE_URL ""
| /* end confdefs.h.  */
| #include <ac_nonexistent.h>
configure:3157: checking for grep that handles long lines and -e
configure:3215: result: /bin/grep
configure:3220: checking for egrep
configure:3282: result: /bin/grep -E
configure:3288: checking whether gcc needs -traditional
configure:3322: result: no
configure:3372: checking for a BSD-compatible install
configure:3440: result: /usr/bin/install -c
configure:3460: checking for special C compiler options needed for large files
configure:3505: result: no
configure:3511: checking for _FILE_OFFSET_BITS value needed for large files
configure:3536: gcc -c -g -O2  conftest.c >&5
configure:3536: $? = 0
configure:3568: result: no
configure:3655: checking for tgoto in -ltinfo
configure:3680: gcc -o conftest -g -O2   conftest.c -ltinfo   >&5
configure:3680: $? = 0
configure:3689: result: yes
configure:3697: checking for initscr in -lxcurses
configure:3722: gcc -o conftest -g -O2   conftest.c -lxcurses   >&5
/usr/bin/ld: cannot find -lxcurses
collect2: error: ld returned 1 exit status
configure:3722: $? = 1
configure: failed program was:
| /* confdefs.h */
| #define PACKAGE_NAME "less"
| #define PACKAGE_TARNAME "less"
| #define PACKAGE_VERSION "1"
| #define PACKAGE_STRING "less 1"
| #define PACKAGE_BUGREPORT ""
| #define PACKAGE_URL ""
| /* end confdefs.h.  */
| 
| /* Override any GCC internal prototype to avoid an error.
|    Use char because int might match the return type of a GCC
|    builtin and then its argument prototype would still apply.  */
| #ifdef __cplusplus
| extern "C"
| #endif
| char initscr ();
| int
| main ()
| {
| return initscr ();
|   ;
|   return 0;
| }
configure:3731: result: no
configure:3739: checking for initscr in -lncursesw
configure:3764: gcc -o conftest -g -O2   conftest.c -lncursesw   >&5
configure:3764: $? = 0
configure:3773: result: yes
configure:3781: checking for initscr in -lncurses
configure:3806: gcc -o conftest -g -O2   conftest.c -lncurses   >&5
configure:3806: $? = 0
configure:3815: result: yes
configure:3823: checking for initscr in -lcurses
configure:3848: gcc -o conftest -g -O2   conftest.c -lcurses   >&5
configure:3848: $? = 0
configure:3857: result: yes
configure:3865: checking for tgetent in -ltermcap
configure:3890: gcc -o conftest -g -O2   conftest.c -ltermcap   >&5
configure:3890: $? = 0
configure:3899: result: yes
configure:3907: checking for tgetent in -ltermlib
configure:3932: gcc -o conftest -g -O2   conftest.c -ltermlib   >&5
/usr/bin/ld: cannot find -ltermlib
collect2: error: ld returned 1 exit status
configure:3932: $? = 1
configure: failed program was:
| /* confdefs.h */
| #define PACKAGE_NAME "less"
| #define PACKAGE_TARNAME "less"
| #define PACKAGE_VERSION "1"
| #define PACKAGE_STRING "less 1"
| #define PACKAGE_BUGREPORT ""
| #define PACKAGE_URL ""
| /* end confdefs.h.  */
| 
| /* Override any GCC internal prototype to avoid an error.
|    Use char because int might match the return type of a GCC
|    builtin and then its argument prototype would still apply.  */
| #ifdef __cplusplus
| extern "C"
| #endif
| char tgetent ();
| int
| main ()
| {
| return tgetent ();
|   ;
|   return 0;
| }
configure:3941: result: no
configure:3951: checking for library containing regcmp
configure:3982: gcc -o conftest -g -O2   conftest.c  >&5
/tmp/ccg1s06C.o: In function `main':
/home/dave/.config/gits/less/conftest.c:20: undefined reference to `regcmp'
collect2: error: ld returned 1 exit status
configure:3982: $? = 1
configure: failed program was:
| /* confdefs.h */
| #define PACKAGE_NAME "less"
| #define PACKAGE_TARNAME "less"
| #define PACKAGE_VERSION "1"
| #define PACKAGE_STRING "less 1"
| #define PACKAGE_BUGREPORT ""
| #define PACKAGE_URL ""
| /* end confdefs.h.  */
| 
| /* Override any GCC internal prototype to avoid an error.
|    Use char because int might match the return type of a GCC
|    builtin and then its argument prototype would still apply.  */
| #ifdef __cplusplus
| extern "C"
| #endif
| char regcmp ();
| int
| main ()
| {
| return regcmp ();
|   ;
|   return 0;
| }
configure:3982: gcc -o conftest -g -O2   conftest.c -lgen   >&5
/usr/bin/ld: cannot find -lgen
collect2: error: ld returned 1 exit status
configure:3982: $? = 1
configure: failed program was:
| /* confdefs.h */
| #define PACKAGE_NAME "less"
| #define PACKAGE_TARNAME "less"
| #define PACKAGE_VERSION "1"
| #define PACKAGE_STRING "less 1"
| #define PACKAGE_BUGREPORT ""
| #define PACKAGE_URL ""
| /* end confdefs.h.  */
| 
| /* Override any GCC internal prototype to avoid an error.
|    Use char because int might match the return type of a GCC
|    builtin and then its argument prototype would still apply.  */
| #ifdef __cplusplus
| extern "C"
| #endif
| char regcmp ();
| int
| main ()
| {
| return regcmp ();
|   ;
|   return 0;
| }
configure:3982: gcc -o conftest -g -O2   conftest.c -lintl   >&5
/usr/bin/ld: cannot find -lintl
collect2: error: ld returned 1 exit status
configure:3982: $? = 1
configure: failed program was:
| /* confdefs.h */
| #define PACKAGE_NAME "less"
| #define PACKAGE_TARNAME "less"
| #define PACKAGE_VERSION "1"
| #define PACKAGE_STRING "less 1"
| #define PACKAGE_BUGREPORT ""
| #define PACKAGE_URL ""
| /* end confdefs.h.  */
| 
| /* Override any GCC internal prototype to avoid an error.
|    Use char because int might match the return type of a GCC
|    builtin and then its argument prototype would still apply.  */
| #ifdef __cplusplus
| extern "C"
| #endif
| char regcmp ();
| int
| main ()
| {
| return regcmp ();
|   ;
|   return 0;
| }
configure:3982: gcc -o conftest -g -O2   conftest.c -lPW   >&5
/usr/bin/ld: cannot find -lPW
collect2: error: ld returned 1 exit status
configure:3982: $? = 1
configure: failed program was:
| /* confdefs.h */
| #define PACKAGE_NAME "less"
| #define PACKAGE_TARNAME "less"
| #define PACKAGE_VERSION "1"
| #define PACKAGE_STRING "less 1"
| #define PACKAGE_BUGREPORT ""
| #define PACKAGE_URL ""
| /* end confdefs.h.  */
| 
| /* Override any GCC internal prototype to avoid an error.
|    Use char because int might match the return type of a GCC
|    builtin and then its argument prototype would still apply.  */
| #ifdef __cplusplus
| extern "C"
| #endif
| char regcmp ();
| int
| main ()
| {
| return regcmp ();
|   ;
|   return 0;
| }
configure:3999: result: no
configure:4009: checking for working terminal libraries
configure:4043: gcc -o conftest -g -O2   conftest.c  -ltinfo >&5
conftest.c: In function 'main':
conftest.c:13:1: warning: implicit declaration of function 'tgetent' [-Wimplicit-function-declaration]
 tgetent(0,0); tgetflag(0); tgetnum(0); tgetstr(0,0);
 ^~~~~~~
conftest.c:13:15: warning: implicit declaration of function 'tgetflag' [-Wimplicit-function-declaration]
 tgetent(0,0); tgetflag(0); tgetnum(0); tgetstr(0,0);
               ^~~~~~~~
conftest.c:13:28: warning: implicit declaration of function 'tgetnum' [-Wimplicit-function-declaration]
 tgetent(0,0); tgetflag(0); tgetnum(0); tgetstr(0,0);
                            ^~~~~~~
conftest.c:13:40: warning: implicit declaration of function 'tgetstr' [-Wimplicit-function-declaration]
 tgetent(0,0); tgetflag(0); tgetnum(0); tgetstr(0,0);
                                        ^~~~~~~
configure:4043: $? = 0
configure:4266: result: using -ltinfo
configure:4271: checking for ANSI C header files
configure:4291: gcc -c -g -O2  conftest.c >&5
configure:4291: $? = 0
configure:4364: gcc -o conftest -g -O2   conftest.c  -ltinfo >&5
configure:4364: $? = 0
configure:4364: ./conftest
configure:4364: $? = 0
configure:4375: result: yes
configure:4388: checking for sys/types.h
configure:4388: gcc -c -g -O2  conftest.c >&5
configure:4388: $? = 0
configure:4388: result: yes
configure:4388: checking for sys/stat.h
configure:4388: gcc -c -g -O2  conftest.c >&5
configure:4388: $? = 0
configure:4388: result: yes
configure:4388: checking for stdlib.h
configure:4388: gcc -c -g -O2  conftest.c >&5
configure:4388: $? = 0
configure:4388: result: yes
configure:4388: checking for string.h
configure:4388: gcc -c -g -O2  conftest.c >&5
configure:4388: $? = 0
configure:4388: result: yes
configure:4388: checking for memory.h
configure:4388: gcc -c -g -O2  conftest.c >&5
configure:4388: $? = 0
configure:4388: result: yes
configure:4388: checking for strings.h
configure:4388: gcc -c -g -O2  conftest.c >&5
configure:4388: $? = 0
configure:4388: result: yes
configure:4388: checking for inttypes.h
configure:4388: gcc -c -g -O2  conftest.c >&5
configure:4388: $? = 0
configure:4388: result: yes
configure:4388: checking for stdint.h
configure:4388: gcc -c -g -O2  conftest.c >&5
configure:4388: $? = 0
configure:4388: result: yes
configure:4388: checking for unistd.h
configure:4388: gcc -c -g -O2  conftest.c >&5
configure:4388: $? = 0
configure:4388: result: yes
configure:4403: checking ctype.h usability
configure:4403: gcc -c -g -O2  conftest.c >&5
configure:4403: $? = 0
configure:4403: result: yes
configure:4403: checking ctype.h presence
configure:4403: gcc -E  conftest.c
configure:4403: $? = 0
configure:4403: result: yes
configure:4403: checking for ctype.h
configure:4403: result: yes
configure:4403: checking errno.h usability
configure:4403: gcc -c -g -O2  conftest.c >&5
configure:4403: $? = 0
configure:4403: result: yes
configure:4403: checking errno.h presence
configure:4403: gcc -E  conftest.c
configure:4403: $? = 0
configure:4403: result: yes
configure:4403: checking for errno.h
configure:4403: result: yes
configure:4403: checking fcntl.h usability
configure:4403: gcc -c -g -O2  conftest.c >&5
configure:4403: $? = 0
configure:4403: result: yes
configure:4403: checking fcntl.h presence
configure:4403: gcc -E  conftest.c
configure:4403: $? = 0
configure:4403: result: yes
configure:4403: checking for fcntl.h
configure:4403: result: yes
configure:4403: checking limits.h usability
configure:4403: gcc -c -g -O2  conftest.c >&5
configure:4403: $? = 0
configure:4403: result: yes
configure:4403: checking limits.h presence
configure:4403: gcc -E  conftest.c
configure:4403: $? = 0
configure:4403: result: yes
configure:4403: checking for limits.h
configure:4403: result: yes
configure:4403: checking stdio.h usability
configure:4403: gcc -c -g -O2  conftest.c >&5
configure:4403: $? = 0
configure:4403: result: yes
configure:4403: checking stdio.h presence
configure:4403: gcc -E  conftest.c
configure:4403: $? = 0
configure:4403: result: yes
configure:4403: checking for stdio.h
configure:4403: result: yes
configure:4403: checking for stdlib.h
configure:4403: result: yes
configure:4403: checking for string.h
configure:4403: result: yes
configure:4403: checking termcap.h usability
configure:4403: gcc -c -g -O2  conftest.c >&5
configure:4403: $? = 0
configure:4403: result: yes
configure:4403: checking termcap.h presence
configure:4403: gcc -E  conftest.c
configure:4403: $? = 0
configure:4403: result: yes
configure:4403: checking for termcap.h
configure:4403: result: yes
configure:4403: checking termio.h usability
configure:4403: gcc -c -g -O2  conftest.c >&5
configure:4403: $? = 0
configure:4403: result: yes
configure:4403: checking termio.h presence
configure:4403: gcc -E  conftest.c
configure:4403: $? = 0
configure:4403: result: yes
configure:4403: checking for termio.h
configure:4403: result: yes
configure:4403: checking termios.h usability
configure:4403: gcc -c -g -O2  conftest.c >&5
configure:4403: $? = 0
configure:4403: result: yes
configure:4403: checking termios.h presence
configure:4403: gcc -E  conftest.c
configure:4403: $? = 0
configure:4403: result: yes
configure:4403: checking for termios.h
configure:4403: result: yes
configure:4403: checking time.h usability
configure:4403: gcc -c -g -O2  conftest.c >&5
configure:4403: $? = 0
configure:4403: result: yes
configure:4403: checking time.h presence
configure:4403: gcc -E  conftest.c
configure:4403: $? = 0
configure:4403: result: yes
configure:4403: checking for time.h
configure:4403: result: yes
configure:4403: checking for unistd.h
configure:4403: result: yes
configure:4403: checking values.h usability
configure:4403: gcc -c -g -O2  conftest.c >&5
configure:4403: $? = 0
configure:4403: result: yes
configure:4403: checking values.h presence
configure:4403: gcc -E  conftest.c
configure:4403: $? = 0
configure:4403: result: yes
configure:4403: checking for values.h
configure:4403: result: yes
configure:4403: checking sys/ioctl.h usability
configure:4403: gcc -c -g -O2  conftest.c >&5
configure:4403: $? = 0
configure:4403: result: yes
configure:4403: checking sys/ioctl.h presence
configure:4403: gcc -E  conftest.c
configure:4403: $? = 0
configure:4403: result: yes
configure:4403: checking for sys/ioctl.h
configure:4403: result: yes
configure:4403: checking sys/stream.h usability
configure:4403: gcc -c -g -O2  conftest.c >&5
conftest.c:66:10: fatal error: sys/stream.h: No such file or directory
 #include <sys/stream.h>
          ^~~~~~~~~~~~~~
compilation terminated.
configure:4403: $? = 1
configure: failed program was:
| /* confdefs.h */
| #define PACKAGE_NAME "less"
| #define PACKAGE_TARNAME "less"
| #define PACKAGE_VERSION "1"
| #define PACKAGE_STRING "less 1"
| #define PACKAGE_BUGREPORT ""
| #define PACKAGE_URL ""
| #define STDC_HEADERS 1
| #define HAVE_SYS_TYPES_H 1
| #define HAVE_SYS_STAT_H 1
| #define HAVE_STDLIB_H 1
| #define HAVE_STRING_H 1
| #define HAVE_MEMORY_H 1
| #define HAVE_STRINGS_H 1
| #define HAVE_INTTYPES_H 1
| #define HAVE_STDINT_H 1
| #define HAVE_UNISTD_H 1
| #define HAVE_CTYPE_H 1
| #define HAVE_ERRNO_H 1
| #define HAVE_FCNTL_H 1
| #define HAVE_LIMITS_H 1
| #define HAVE_STDIO_H 1
| #define HAVE_STDLIB_H 1
| #define HAVE_STRING_H 1
| #define HAVE_TERMCAP_H 1
| #define HAVE_TERMIO_H 1
| #define HAVE_TERMIOS_H 1
| #define HAVE_TIME_H 1
| #define HAVE_UNISTD_H 1
| #define HAVE_VALUES_H 1
| #define HAVE_SYS_IOCTL_H 1
| /* end confdefs.h.  */
| #include <stdio.h>
| #ifdef HAVE_SYS_TYPES_H
| # include <sys/types.h>
| #endif
| #ifdef HAVE_SYS_STAT_H
| # include <sys/stat.h>
| #endif
| #ifdef STDC_HEADERS
| # include <stdlib.h>
| # include <stddef.h>
| #else
| # ifdef HAVE_STDLIB_H
| #  include <stdlib.h>
| # endif
| #endif
| #ifdef HAVE_STRING_H
| # if !defined STDC_HEADERS && defined HAVE_MEMORY_H
| #  include <memory.h>
| # endif
| # include <string.h>
| #endif
| #ifdef HAVE_STRINGS_H
| # include <strings.h>
| #endif
| #ifdef HAVE_INTTYPES_H
| # include <inttypes.h>
| #endif
| #ifdef HAVE_STDINT_H
| # include <stdint.h>
| #endif
| #ifdef HAVE_UNISTD_H
| # include <unistd.h>
| #endif
| #include <sys/stream.h>
configure:4403: result: no
configure:4403: checking sys/stream.h presence
configure:4403: gcc -E  conftest.c
conftest.c:33:10: fatal error: sys/stream.h: No such file or directory
 #include <sys/stream.h>
          ^~~~~~~~~~~~~~
compilation terminated.
configure:4403: $? = 1
configure: failed program was:
| /* confdefs.h */
| #define PACKAGE_NAME "less"
| #define PACKAGE_TARNAME "less"
| #define PACKAGE_VERSION "1"
| #define PACKAGE_STRING "less 1"
| #define PACKAGE_BUGREPORT ""
| #define PACKAGE_URL ""
| #define STDC_HEADERS 1
| #define HAVE_SYS_TYPES_H 1
| #define HAVE_SYS_STAT_H 1
| #define HAVE_STDLIB_H 1
| #define HAVE_STRING_H 1
| #define HAVE_MEMORY_H 1
| #define HAVE_STRINGS_H 1
| #define HAVE_INTTYPES_H 1
| #define HAVE_STDINT_H 1
| #define HAVE_UNISTD_H 1
| #define HAVE_CTYPE_H 1
| #define HAVE_ERRNO_H 1
| #define HAVE_FCNTL_H 1
| #define HAVE_LIMITS_H 1
| #define HAVE_STDIO_H 1
| #define HAVE_STDLIB_H 1
| #define HAVE_STRING_H 1
| #define HAVE_TERMCAP_H 1
| #define HAVE_TERMIO_H 1
| #define HAVE_TERMIOS_H 1
| #define HAVE_TIME_H 1
| #define HAVE_UNISTD_H 1
| #define HAVE_VALUES_H 1
| #define HAVE_SYS_IOCTL_H 1
| /* end confdefs.h.  */
| #include <sys/stream.h>
configure:4403: result: no
configure:4403: checking for sys/stream.h
configure:4403: result: no
configure:4403: checking wctype.h usability
configure:4403: gcc -c -g -O2  conftest.c >&5
configure:4403: $? = 0
configure:4403: result: yes
configure:4403: checking wctype.h presence
configure:4403: gcc -E  conftest.c
configure:4403: $? = 0
configure:4403: result: yes
configure:4403: checking for wctype.h
configure:4403: result: yes
configure:4415: checking whether stat file-mode macros are broken
configure:4442: gcc -c -g -O2  conftest.c >&5
configure:4442: $? = 0
configure:4449: result: no
configure:4457: checking for an ANSI C-conforming const
configure:4523: gcc -c -g -O2  conftest.c >&5
configure:4523: $? = 0
configure:4530: result: yes
configure:4538: checking for off_t
configure:4538: gcc -c -g -O2  conftest.c >&5
configure:4538: $? = 0
configure:4538: gcc -c -g -O2  conftest.c >&5
conftest.c: In function 'main':
conftest.c:70:20: error: expected expression before ')' token
 if (sizeof ((off_t)))
                    ^
configure:4538: $? = 1
configure: failed program was:
| /* confdefs.h */
| #define PACKAGE_NAME "less"
| #define PACKAGE_TARNAME "less"
| #define PACKAGE_VERSION "1"
| #define PACKAGE_STRING "less 1"
| #define PACKAGE_BUGREPORT ""
| #define PACKAGE_URL ""
| #define STDC_HEADERS 1
| #define HAVE_SYS_TYPES_H 1
| #define HAVE_SYS_STAT_H 1
| #define HAVE_STDLIB_H 1
| #define HAVE_STRING_H 1
| #define HAVE_MEMORY_H 1
| #define HAVE_STRINGS_H 1
| #define HAVE_INTTYPES_H 1
| #define HAVE_STDINT_H 1
| #define HAVE_UNISTD_H 1
| #define HAVE_CTYPE_H 1
| #define HAVE_ERRNO_H 1
| #define HAVE_FCNTL_H 1
| #define HAVE_LIMITS_H 1
| #define HAVE_STDIO_H 1
| #define HAVE_STDLIB_H 1
| #define HAVE_STRING_H 1
| #define HAVE_TERMCAP_H 1
| #define HAVE_TERMIO_H 1
| #define HAVE_TERMIOS_H 1
| #define HAVE_TIME_H 1
| #define HAVE_UNISTD_H 1
| #define HAVE_VALUES_H 1
| #define HAVE_SYS_IOCTL_H 1
| #define HAVE_WCTYPE_H 1
| /* end confdefs.h.  */
| #include <stdio.h>
| #ifdef HAVE_SYS_TYPES_H
| # include <sys/types.h>
| #endif
| #ifdef HAVE_SYS_STAT_H
| # include <sys/stat.h>
| #endif
| #ifdef STDC_HEADERS
| # include <stdlib.h>
| # include <stddef.h>
| #else
| # ifdef HAVE_STDLIB_H
| #  include <stdlib.h>
| # endif
| #endif
| #ifdef HAVE_STRING_H
| # if !defined STDC_HEADERS && defined HAVE_MEMORY_H
| #  include <memory.h>
| # endif
| # include <string.h>
| #endif
| #ifdef HAVE_STRINGS_H
| # include <strings.h>
| #endif
| #ifdef HAVE_INTTYPES_H
| # include <inttypes.h>
| #endif
| #ifdef HAVE_STDINT_H
| # include <stdint.h>
| #endif
| #ifdef HAVE_UNISTD_H
| # include <unistd.h>
| #endif
| int
| main ()
| {
| if (sizeof ((off_t)))
| 	    return 0;
|   ;
|   return 0;
| }
configure:4538: result: yes
configure:4549: checking for size_t
configure:4549: gcc -c -g -O2  conftest.c >&5
configure:4549: $? = 0
configure:4549: gcc -c -g -O2  conftest.c >&5
conftest.c: In function 'main':
conftest.c:70:21: error: expected expression before ')' token
 if (sizeof ((size_t)))
                     ^
configure:4549: $? = 1
configure: failed program was:
| /* confdefs.h */
| #define PACKAGE_NAME "less"
| #define PACKAGE_TARNAME "less"
| #define PACKAGE_VERSION "1"
| #define PACKAGE_STRING "less 1"
| #define PACKAGE_BUGREPORT ""
| #define PACKAGE_URL ""
| #define STDC_HEADERS 1
| #define HAVE_SYS_TYPES_H 1
| #define HAVE_SYS_STAT_H 1
| #define HAVE_STDLIB_H 1
| #define HAVE_STRING_H 1
| #define HAVE_MEMORY_H 1
| #define HAVE_STRINGS_H 1
| #define HAVE_INTTYPES_H 1
| #define HAVE_STDINT_H 1
| #define HAVE_UNISTD_H 1
| #define HAVE_CTYPE_H 1
| #define HAVE_ERRNO_H 1
| #define HAVE_FCNTL_H 1
| #define HAVE_LIMITS_H 1
| #define HAVE_STDIO_H 1
| #define HAVE_STDLIB_H 1
| #define HAVE_STRING_H 1
| #define HAVE_TERMCAP_H 1
| #define HAVE_TERMIO_H 1
| #define HAVE_TERMIOS_H 1
| #define HAVE_TIME_H 1
| #define HAVE_UNISTD_H 1
| #define HAVE_VALUES_H 1
| #define HAVE_SYS_IOCTL_H 1
| #define HAVE_WCTYPE_H 1
| /* end confdefs.h.  */
| #include <stdio.h>
| #ifdef HAVE_SYS_TYPES_H
| # include <sys/types.h>
| #endif
| #ifdef HAVE_SYS_STAT_H
| # include <sys/stat.h>
| #endif
| #ifdef STDC_HEADERS
| # include <stdlib.h>
| # include <stddef.h>
| #else
| # ifdef HAVE_STDLIB_H
| #  include <stdlib.h>
| # endif
| #endif
| #ifdef HAVE_STRING_H
| # if !defined STDC_HEADERS && defined HAVE_MEMORY_H
| #  include <memory.h>
| # endif
| # include <string.h>
| #endif
| #ifdef HAVE_STRINGS_H
| # include <strings.h>
| #endif
| #ifdef HAVE_INTTYPES_H
| # include <inttypes.h>
| #endif
| #ifdef HAVE_STDINT_H
| # include <stdint.h>
| #endif
| #ifdef HAVE_UNISTD_H
| # include <unistd.h>
| #endif
| int
| main ()
| {
| if (sizeof ((size_t)))
| 	    return 0;
|   ;
|   return 0;
| }
configure:4549: result: yes
configure:4560: checking whether time.h and sys/time.h may both be included
configure:4580: gcc -c -g -O2  conftest.c >&5
configure:4580: $? = 0
configure:4587: result: yes
configure:4627: checking for off_t
configure:4627: result: yes
configure:4638: checking for void
configure:4651: gcc -c -g -O2  conftest.c >&5
configure:4651: $? = 0
configure:4652: result: yes
configure:4660: checking for const
configure:4673: gcc -c -g -O2  conftest.c >&5
configure:4673: $? = 0
configure:4674: result: yes
configure:4682: checking for time_t
configure:4695: gcc -c -g -O2  conftest.c >&5
configure:4695: $? = 0
configure:4696: result: yes
configure:4704: checking for st_ino in struct stat
configure:4718: gcc -c -g -O2  conftest.c >&5
configure:4718: $? = 0
configure:4719: result: yes
configure:4729: checking for ANSI function prototypes
configure:4742: gcc -c -g -O2  conftest.c >&5
configure:4742: $? = 0
configure:4743: result: yes
configure:4753: checking return type of signal handlers
configure:4771: gcc -c -g -O2  conftest.c >&5
conftest.c: In function 'main':
conftest.c:46:10: error: void value not ignored as it ought to be
 return *(signal (0, 0)) (0) == 1;
         ~^~~~~~~~~~~~~~~~~~
configure:4771: $? = 1
configure: failed program was:
| /* confdefs.h */
| #define PACKAGE_NAME "less"
| #define PACKAGE_TARNAME "less"
| #define PACKAGE_VERSION "1"
| #define PACKAGE_STRING "less 1"
| #define PACKAGE_BUGREPORT ""
| #define PACKAGE_URL ""
| #define STDC_HEADERS 1
| #define HAVE_SYS_TYPES_H 1
| #define HAVE_SYS_STAT_H 1
| #define HAVE_STDLIB_H 1
| #define HAVE_STRING_H 1
| #define HAVE_MEMORY_H 1
| #define HAVE_STRINGS_H 1
| #define HAVE_INTTYPES_H 1
| #define HAVE_STDINT_H 1
| #define HAVE_UNISTD_H 1
| #define HAVE_CTYPE_H 1
| #define HAVE_ERRNO_H 1
| #define HAVE_FCNTL_H 1
| #define HAVE_LIMITS_H 1
| #define HAVE_STDIO_H 1
| #define HAVE_STDLIB_H 1
| #define HAVE_STRING_H 1
| #define HAVE_TERMCAP_H 1
| #define HAVE_TERMIO_H 1
| #define HAVE_TERMIOS_H 1
| #define HAVE_TIME_H 1
| #define HAVE_UNISTD_H 1
| #define HAVE_VALUES_H 1
| #define HAVE_SYS_IOCTL_H 1
| #define HAVE_WCTYPE_H 1
| #define TIME_WITH_SYS_TIME 1
| #define HAVE_VOID 1
| #define HAVE_CONST 1
| #define HAVE_TIME_T 1
| #define HAVE_STAT_INO 1
| #define HAVE_ANSI_PROTOS 1
| /* end confdefs.h.  */
| #include <sys/types.h>
| #include <signal.h>
| 
| int
| main ()
| {
| return *(signal (0, 0)) (0) == 1;
|   ;
|   return 0;
| }
configure:4778: result: void
configure:4789: checking for fsync
configure:4789: gcc -o conftest -g -O2   conftest.c  -ltinfo >&5
configure:4789: $? = 0
configure:4789: result: yes
configure:4789: checking for popen
configure:4789: gcc -o conftest -g -O2   conftest.c  -ltinfo >&5
configure:4789: $? = 0
configure:4789: result: yes
configure:4789: checking for _setjmp
configure:4789: gcc -o conftest -g -O2   conftest.c  -ltinfo >&5
configure:4789: $? = 0
configure:4789: result: yes
configure:4789: checking for sigprocmask
configure:4789: gcc -o conftest -g -O2   conftest.c  -ltinfo >&5
configure:4789: $? = 0
configure:4789: result: yes
configure:4789: checking for sigsetmask
configure:4789: gcc -o conftest -g -O2   conftest.c  -ltinfo >&5
configure:4789: $? = 0
configure:4789: result: yes
configure:4789: checking for snprintf
configure:4789: gcc -o conftest -g -O2   conftest.c  -ltinfo >&5
conftest.c:69:6: warning: conflicting types for built-in function 'snprintf' [-Wbuiltin-declaration-mismatch]
 char snprintf ();
      ^~~~~~~~
configure:4789: $? = 0
configure:4789: result: yes
configure:4789: checking for stat
configure:4789: gcc -o conftest -g -O2   conftest.c  -ltinfo >&5
configure:4789: $? = 0
configure:4789: result: yes
configure:4789: checking for system
configure:4789: gcc -o conftest -g -O2   conftest.c  -ltinfo >&5
configure:4789: $? = 0
configure:4789: result: yes
configure:4789: checking for fchmod
configure:4789: gcc -o conftest -g -O2   conftest.c  -ltinfo >&5
configure:4789: $? = 0
configure:4789: result: yes
configure:4800: checking for memcpy
configure:4816: gcc -o conftest -g -O2   conftest.c  -ltinfo >&5
conftest.c: In function 'main':
conftest.c:57:1: warning: null argument where non-null required (argument 1) [-Wnonnull]
 memcpy(0,0,0);
 ^~~~~~
conftest.c:57:1: warning: null argument where non-null required (argument 2) [-Wnonnull]
configure:4816: $? = 0
configure:4817: result: yes
configure:4827: checking for strchr
configure:4843: gcc -o conftest -g -O2   conftest.c  -ltinfo >&5
configure:4843: $? = 0
configure:4844: result: yes
configure:4854: checking for strstr
configure:4870: gcc -o conftest -g -O2   conftest.c  -ltinfo >&5
configure:4870: $? = 0
configure:4871: result: yes
configure:4882: checking for tcgetattr
configure:4882: gcc -o conftest -g -O2   conftest.c  -ltinfo >&5
configure:4882: $? = 0
configure:4882: result: yes
configure:4889: checking for fileno
configure:4905: gcc -o conftest -g -O2   conftest.c  -ltinfo >&5
configure:4905: $? = 0
configure:4906: result: yes
configure:4916: checking for strerror
configure:4938: gcc -o conftest -g -O2   conftest.c  -ltinfo >&5
configure:4938: $? = 0
configure:4939: result: yes
configure:4949: checking for sys_errlist
configure:4962: gcc -o conftest -g -O2   conftest.c  -ltinfo >&5
configure:4962: $? = 0
configure:4963: result: yes
configure:4973: checking for sigset_t
configure:4973: gcc -c -g -O2  conftest.c >&5
configure:4973: $? = 0
configure:4973: gcc -c -g -O2  conftest.c >&5
conftest.c: In function 'main':
conftest.c:62:23: error: expected expression before ')' token
 if (sizeof ((sigset_t)))
                       ^
configure:4973: $? = 1
configure: failed program was:
| /* confdefs.h */
| #define PACKAGE_NAME "less"
| #define PACKAGE_TARNAME "less"
| #define PACKAGE_VERSION "1"
| #define PACKAGE_STRING "less 1"
| #define PACKAGE_BUGREPORT ""
| #define PACKAGE_URL ""
| #define STDC_HEADERS 1
| #define HAVE_SYS_TYPES_H 1
| #define HAVE_SYS_STAT_H 1
| #define HAVE_STDLIB_H 1
| #define HAVE_STRING_H 1
| #define HAVE_MEMORY_H 1
| #define HAVE_STRINGS_H 1
| #define HAVE_INTTYPES_H 1
| #define HAVE_STDINT_H 1
| #define HAVE_UNISTD_H 1
| #define HAVE_CTYPE_H 1
| #define HAVE_ERRNO_H 1
| #define HAVE_FCNTL_H 1
| #define HAVE_LIMITS_H 1
| #define HAVE_STDIO_H 1
| #define HAVE_STDLIB_H 1
| #define HAVE_STRING_H 1
| #define HAVE_TERMCAP_H 1
| #define HAVE_TERMIO_H 1
| #define HAVE_TERMIOS_H 1
| #define HAVE_TIME_H 1
| #define HAVE_UNISTD_H 1
| #define HAVE_VALUES_H 1
| #define HAVE_SYS_IOCTL_H 1
| #define HAVE_WCTYPE_H 1
| #define TIME_WITH_SYS_TIME 1
| #define HAVE_VOID 1
| #define HAVE_CONST 1
| #define HAVE_TIME_T 1
| #define HAVE_STAT_INO 1
| #define HAVE_ANSI_PROTOS 1
| #define RETSIGTYPE void
| #define HAVE_FSYNC 1
| #define HAVE_POPEN 1
| #define HAVE__SETJMP 1
| #define HAVE_SIGPROCMASK 1
| #define HAVE_SIGSETMASK 1
| #define HAVE_SNPRINTF 1
| #define HAVE_STAT 1
| #define HAVE_SYSTEM 1
| #define HAVE_FCHMOD 1
| #define HAVE_MEMCPY 1
| #define HAVE_STRCHR 1
| #define HAVE_STRSTR 1
| #define HAVE_TERMIOS_FUNCS 1
| #define HAVE_FILENO 1
| #define HAVE_STRERROR 1
| #define HAVE_SYS_ERRLIST 1
| /* end confdefs.h.  */
| #include <signal.h>
| 
| int
| main ()
| {
| if (sizeof ((sigset_t)))
| 	    return 0;
|   ;
|   return 0;
| }
configure:4973: result: yes
configure:4985: checking for sigemptyset
configure:5000: gcc -o conftest -g -O2   conftest.c  -ltinfo >&5
configure:5000: $? = 0
configure:5001: result: yes
configure:5012: checking for errno
configure:5028: gcc -o conftest -g -O2   conftest.c  -ltinfo >&5
configure:5028: $? = 0
configure:5029: result: yes - in errno.h
configure:5063: checking for locale
configure:5078: gcc -o conftest -g -O2   conftest.c  -ltinfo >&5
configure:5078: $? = 0
configure:5079: result: yes
configure:5089: checking for ctype functions
configure:5105: gcc -o conftest -g -O2   conftest.c  -ltinfo >&5
configure:5105: $? = 0
configure:5106: result: yes
configure:5116: checking for wctype functions
configure:5129: gcc -o conftest -g -O2   conftest.c  -ltinfo >&5
configure:5129: $? = 0
configure:5130: result: yes
configure:5142: checking termcap for ospeed
configure:5162: gcc -o conftest -g -O2   conftest.c  -ltinfo >&5
configure:5162: $? = 0
configure:5163: result: yes - in termcap.h
configure:5207: checking for floating point
configure:5229: gcc -o conftest -g -O2   conftest.c  -ltinfo >&5
configure:5229: $? = 0
configure:5230: result: yes
configure:5262: checking for POSIX regcomp
configure:5282: gcc -o conftest -g -O2   conftest.c  -ltinfo >&5
conftest.c:69:1: warning: return type defaults to 'int' [-Wimplicit-int]
 main() { regex_t r; regmatch_t rm; char *text = "xabcy";
 ^~~~
conftest.c: In function 'main':
conftest.c:70:28: warning: implicit declaration of function 'exit' [-Wimplicit-function-declaration]
 if (regcomp(&r, "abc", 0)) exit(1);
                            ^~~~
conftest.c:70:28: warning: incompatible implicit declaration of built-in function 'exit'
conftest.c:70:28: note: include '<stdlib.h>' or provide a declaration of 'exit'
conftest.c:71:35: warning: incompatible implicit declaration of built-in function 'exit'
 if (regexec(&r, text, 1, &rm, 0)) exit(1);
                                   ^~~~
conftest.c:71:35: note: include '<stdlib.h>' or provide a declaration of 'exit'
conftest.c:73:20: warning: incompatible implicit declaration of built-in function 'exit'
 if (rm.rm_so != 1) exit(1); /* check for correct offset */
                    ^~~~
conftest.c:73:20: note: include '<stdlib.h>' or provide a declaration of 'exit'
conftest.c:77:1: warning: incompatible implicit declaration of built-in function 'exit'
 exit(0); }
 ^~~~
conftest.c:77:1: note: include '<stdlib.h>' or provide a declaration of 'exit'
configure:5282: $? = 0
configure:5282: ./conftest
configure:5282: $? = 0
configure:5292: result: yes
configure:5494: result: regular expression library:  posix
configure:5628: creating ./config.status

## ---------------- ##
## Cache variables. ##
## ---------------- ##

ac_cv_c_compiler_gnu=yes
ac_cv_c_const=yes
ac_cv_env_CC_set=
ac_cv_env_CC_value=
ac_cv_env_CFLAGS_set=
ac_cv_env_CFLAGS_value=
ac_cv_env_CPPFLAGS_set=
ac_cv_env_CPPFLAGS_value=
ac_cv_env_CPP_set=
ac_cv_env_CPP_value=
ac_cv_env_LDFLAGS_set=
ac_cv_env_LDFLAGS_value=
ac_cv_env_LIBS_set=
ac_cv_env_LIBS_value=
ac_cv_env_build_alias_set=
ac_cv_env_build_alias_value=
ac_cv_env_host_alias_set=
ac_cv_env_host_alias_value=
ac_cv_env_target_alias_set=
ac_cv_env_target_alias_value=
ac_cv_func__setjmp=yes
ac_cv_func_fchmod=yes
ac_cv_func_fsync=yes
ac_cv_func_popen=yes
ac_cv_func_sigprocmask=yes
ac_cv_func_sigsetmask=yes
ac_cv_func_snprintf=yes
ac_cv_func_stat=yes
ac_cv_func_system=yes
ac_cv_func_tcgetattr=yes
ac_cv_header_ctype_h=yes
ac_cv_header_errno_h=yes
ac_cv_header_fcntl_h=yes
ac_cv_header_inttypes_h=yes
ac_cv_header_limits_h=yes
ac_cv_header_memory_h=yes
ac_cv_header_stat_broken=no
ac_cv_header_stdc=yes
ac_cv_header_stdint_h=yes
ac_cv_header_stdio_h=yes
ac_cv_header_stdlib_h=yes
ac_cv_header_string_h=yes
ac_cv_header_strings_h=yes
ac_cv_header_sys_ioctl_h=yes
ac_cv_header_sys_stat_h=yes
ac_cv_header_sys_stream_h=no
ac_cv_header_sys_types_h=yes
ac_cv_header_termcap_h=yes
ac_cv_header_termio_h=yes
ac_cv_header_termios_h=yes
ac_cv_header_time=yes
ac_cv_header_time_h=yes
ac_cv_header_unistd_h=yes
ac_cv_header_values_h=yes
ac_cv_header_wctype_h=yes
ac_cv_lib_curses_initscr=yes
ac_cv_lib_ncurses_initscr=yes
ac_cv_lib_ncursesw_initscr=yes
ac_cv_lib_termcap_tgetent=yes
ac_cv_lib_termlib_tgetent=no
ac_cv_lib_tinfo_tgoto=yes
ac_cv_lib_xcurses_initscr=no
ac_cv_objext=o
ac_cv_path_EGREP='/bin/grep -E'
ac_cv_path_GREP=/bin/grep
ac_cv_path_install='/usr/bin/install -c'
ac_cv_prog_CPP='gcc -E'
ac_cv_prog_ac_ct_CC=gcc
ac_cv_prog_cc_c89=
ac_cv_prog_cc_g=yes
ac_cv_prog_gcc_traditional=no
ac_cv_search_regcmp=no
ac_cv_search_strerror='none required'
ac_cv_sys_file_offset_bits=no
ac_cv_sys_largefile_CC=no
ac_cv_type_off_t=yes
ac_cv_type_signal=void
ac_cv_type_sigset_t=yes
ac_cv_type_size_t=yes

## ----------------- ##
## Output variables. ##
## ----------------- ##

CC='gcc'
CFLAGS='-g -O2'
CPP='gcc -E'
CPPFLAGS=''
DEFS='-DHAVE_CONFIG_H'
ECHO_C=''
ECHO_N='-n'
ECHO_T=''
EGREP='/bin/grep -E'
EXEEXT=''
GREP='/bin/grep'
INSTALL_DATA='${INSTALL} -m 644'
INSTALL_PROGRAM='${INSTALL}'
INSTALL_SCRIPT='${INSTALL}'
LDFLAGS=''
LIBOBJS=''
LIBS=' -ltinfo'
LTLIBOBJS=''
OBJEXT='o'
PACKAGE_BUGREPORT=''
PACKAGE_NAME='less'
PACKAGE_STRING='less 1'
PACKAGE_TARNAME='less'
PACKAGE_URL=''
PACKAGE_VERSION='1'
PATH_SEPARATOR=':'
REGEX_O=''
SHELL='/bin/bash'
ac_ct_CC='gcc'
bindir='${exec_prefix}/bin'
build_alias=''
datadir='${datarootdir}'
datarootdir='${prefix}/share'
docdir='${datarootdir}/doc/${PACKAGE_TARNAME}'
dvidir='${docdir}'
exec_prefix='${prefix}'
host_alias=''
htmldir='${docdir}'
includedir='${prefix}/include'
infodir='${datarootdir}/info'
libdir='${exec_prefix}/lib'
libexecdir='${exec_prefix}/libexec'
localedir='${datarootdir}/locale'
localstatedir='${prefix}/var'
mandir='${datarootdir}/man'
oldincludedir='/usr/include'
pdfdir='${docdir}'
prefix='/usr/local'
program_transform_name='s,x,x,'
psdir='${docdir}'
runstatedir='${localstatedir}/run'
sbindir='${exec_prefix}/sbin'
sharedstatedir='${prefix}/com'
sysconfdir='${prefix}/etc'
target_alias=''

## ----------- ##
## confdefs.h. ##
## ----------- ##

/* confdefs.h */
#define PACKAGE_NAME "less"
#define PACKAGE_TARNAME "less"
#define PACKAGE_VERSION "1"
#define PACKAGE_STRING "less 1"
#define PACKAGE_BUGREPORT ""
#define PACKAGE_URL ""
#define STDC_HEADERS 1
#define HAVE_SYS_TYPES_H 1
#define HAVE_SYS_STAT_H 1
#define HAVE_STDLIB_H 1
#define HAVE_STRING_H 1
#define HAVE_MEMORY_H 1
#define HAVE_STRINGS_H 1
#define HAVE_INTTYPES_H 1
#define HAVE_STDINT_H 1
#define HAVE_UNISTD_H 1
#define HAVE_CTYPE_H 1
#define HAVE_ERRNO_H 1
#define HAVE_FCNTL_H 1
#define HAVE_LIMITS_H 1
#define HAVE_STDIO_H 1
#define HAVE_STDLIB_H 1
#define HAVE_STRING_H 1
#define HAVE_TERMCAP_H 1
#define HAVE_TERMIO_H 1
#define HAVE_TERMIOS_H 1
#define HAVE_TIME_H 1
#define HAVE_UNISTD_H 1
#define HAVE_VALUES_H 1
#define HAVE_SYS_IOCTL_H 1
#define HAVE_WCTYPE_H 1
#define TIME_WITH_SYS_TIME 1
#define HAVE_VOID 1
#define HAVE_CONST 1
#define HAVE_TIME_T 1
#define HAVE_STAT_INO 1
#define HAVE_ANSI_PROTOS 1
#define RETSIGTYPE void
#define HAVE_FSYNC 1
#define HAVE_POPEN 1
#define HAVE__SETJMP 1
#define HAVE_SIGPROCMASK 1
#define HAVE_SIGSETMASK 1
#define HAVE_SNPRINTF 1
#define HAVE_STAT 1
#define HAVE_SYSTEM 1
#define HAVE_FCHMOD 1
#define HAVE_MEMCPY 1
#define HAVE_STRCHR 1
#define HAVE_STRSTR 1
#define HAVE_TERMIOS_FUNCS 1
#define HAVE_FILENO 1
#define HAVE_STRERROR 1
#define HAVE_SYS_ERRLIST 1
#define HAVE_SIGSET_T 1
#define HAVE_SIGEMPTYSET 1
#define HAVE_ERRNO 1
#define HAVE_LOCALE 1
#define HAVE_UPPER_LOWER 1
#define HAVE_WCTYPE 1
#define HAVE_OSPEED 1
#define SECURE_COMPILE 0
#define HAVE_FLOAT 1
#define HAVE_POSIX_REGCOMP 1
#define EDIT_PGM "vi"

configure: exit 0

## ---------------------- ##
## Running config.status. ##
## ---------------------- ##

This file was extended by less config.status 1, which was
generated by GNU Autoconf 2.69.  Invocation command line was

  CONFIG_FILES    = Makefile
  CONFIG_HEADERS  = 
  CONFIG_LINKS    = 
  CONFIG_COMMANDS = 
  $ ./config.status 

on ubudell

config.status:852: creating Makefile

## ---------------------- ##
## Running config.status. ##
## ---------------------- ##

This file was extended by less config.status 1, which was
generated by GNU Autoconf 2.69.  Invocation command line was

  CONFIG_FILES    = 
  CONFIG_HEADERS  = defines.h
  CONFIG_LINKS    = 
  CONFIG_COMMANDS = 
  $ ./config.status 

on ubudell

config.status:852: creating defines.h
config.status:1027: defines.h is unchanged
